<?xml version="1.0" encoding="utf-8"?>
<shfbBuild product="Sandcastle Help File Builder and Tools" version="2023.7.8.0" projectFile="C:\Users\Burak\Desktop\winch.shfbproj" started="24/11/2023 22:27:59">
<buildStep step="Initializing">
The Sandcastle tools are located in &#39;C:\Program Files (x86)\EWSoftware\Sandcastle Help File Builder&#39;
Locating components in the following folder(s):
    C:\Users\Burak\Desktop
    C:\ProgramData\EWSoftware\Sandcastle Help File Builder\Components and Plug-Ins
    C:\Program Files (x86)\EWSoftware\Sandcastle Help File Builder\Components
Using framework reflection data for &#39;.NET Core/.NET Standard/.NET 5.0+&#39; located in &#39;C:\Program Files (x86)\EWSoftware\Sandcastle Help File Builder\Data\.NET&#39;
Using presentation style &#39;VS2013&#39; located in &#39;C:\Program Files (x86)\EWSoftware\Sandcastle Help File Builder\Components\VS2013&#39;
Loading and initializing plug-ins...
Lightweight Website Style Version 2023.7.8.0
Copyright &#169; 2006-2023, Eric Woodruff, All Rights Reserved
Portions Copyright &#169; 2014, Sam Harwell, All Rights Reserved
-------------------------------
Clearing any prior web/markdown output...
    Ignoring folder &#39;C:\Users\Burak\Desktop\new\ourWinch&#39;: Access to the path &#39;dotnet-aspnet-codegenerator-design.dll&#39; is denied.
</buildStep>
<buildStep step="ValidatingDocumentationSources">
Validating and copying documentation source information
Source: C:\Users\Burak\source\repos\ourWinch6\ourWinch\bin\Debug\net6.0\ourWinch.dll
    Found assembly &#39;C:\Users\Burak\source\repos\ourWinch6\ourWinch\bin\Debug\net6.0\ourWinch.dll&#39;
Source: C:\Users\Burak\source\repos\ourWinch6\ourWinch\bin\Debug\net6.0\ourWinch.xml

Copying XML comments files
    C:\Users\Burak\source\repos\ourWinch6\ourWinch\bin\Debug\net6.0\ourWinch.xml -&gt; C:\Users\Burak\Desktop\new\Working\ourWinch.xml
</buildStep>
<buildStep step="GenerateSharedContent">
Generating shared content files (en-US, English (United States))...
<plugIn name="Lightweight Website Style" behavior="After" priority="1000">
</plugIn>    Last step completed in 00:00:00.0014
</buildStep>
<buildStep step="GenerateApiFilter">
Generating API filter for MRefBuilder...
    Last step completed in 00:00:00.0054
</buildStep>
<buildStep step="GenerateReflectionInfo">
Generating reflection information...
[C:\Program Files\Microsoft Visual Studio\2022\Community\MSBuild\Current\Bin\amd64\MSBuild.exe - GenerateRefInfo-801ac7b3-7bb3-4a67-8ce8-11d3c04ba1c8.proj]
Build started 24/11/2023 22:28:01.

Project &quot;C:\Users\Burak\Desktop\new\Working\GenerateRefInfo-801ac7b3-7bb3-4a67-8ce8-11d3c04ba1c8.proj&quot; on node 1 (default targets).
PrepareForBuild:
  Creating directory &quot;obj\Debug\&quot;.
GenerateRefInfo:
  Microsoft.Build (v17.7.2+d6990bcfaf520c0d215a194fad0617f7efad68b4)
  &#184; Microsoft Corporation. All rights reserved.
  No source code context base path specified.  Source context information is unavailable.
  Loaded 1 assemblies for reflection and 1 dependency assemblies.
MRefBuilder : warning : Ignoring unresolved assembly reference: Microsoft.EntityFrameworkCore (Microsoft.EntityFrameworkCore, Version=6.0.24.0, Culture=neutral, PublicKeyToken=adb9793829ddae60) required by Microsoft.AspNetCore.Identity.EntityFrameworkCore [C:\Users\Burak\Desktop\new\Working\GenerateRefInfo-801ac7b3-7bb3-4a67-8ce8-11d3c04ba1c8.proj]
  Wrote information on 10 namespaces, 56 types, and 367 members
  Merging duplicate type and member information
  Merged 0 duplicate type(s) and 0 duplicate member(s)
Done Building Project &quot;C:\Users\Burak\Desktop\new\Working\GenerateRefInfo-801ac7b3-7bb3-4a67-8ce8-11d3c04ba1c8.proj&quot; (default targets).
    Last step completed in 00:00:00.8067
</buildStep>
<buildStep step="ApplyDocumentModel">
Applying document model to reflection output...
    Last step completed in 00:00:00.2572
</buildStep>
<buildStep step="AddApiTopicFilenames">
Adding topic filenames to API members...
    Last step completed in 00:00:00.1897
</buildStep>
<buildStep step="GenerateApiTopicManifest">
Generating API topic manifest...
    Last step completed in 00:00:00.1891
</buildStep>
<buildStep step="GenerateNamespaceSummaries">
Generating namespace summary information...
    Last step completed in 00:00:00.0726
</buildStep>
<buildStep step="GenerateInheritedDocumentation">
Generating inherited documentation...
[C:\Program Files\Microsoft Visual Studio\2022\Community\MSBuild\Current\Bin\amd64\MSBuild.exe - GenerateInheritedDocs.proj]

C:\Users\Burak\Desktop\new\Working\GenerateInheritedDocs.proj(28,3): warning GID0004: No comments found for member &#39;M:ourWinch.Migrations.Null.Up(Microsoft.EntityFrameworkCore.Migrations.MigrationBuilder)&#39;
C:\Users\Burak\Desktop\new\Working\GenerateInheritedDocs.proj(28,3): warning GID0004: No comments found for member &#39;M:ourWinch.Migrations.Null.Down(Microsoft.EntityFrameworkCore.Migrations.MigrationBuilder)&#39;
C:\Users\Burak\Desktop\new\Working\GenerateInheritedDocs.proj(28,3): warning GID0004: No comments found for member &#39;M:ourWinch.Migrations.Null.BuildTargetModel(Microsoft.EntityFrameworkCore.ModelBuilder)&#39;
C:\Users\Burak\Desktop\new\Working\GenerateInheritedDocs.proj(28,3): warning GID0004: No comments found for member &#39;M:ourWinch.Migrations.Page.Up(Microsoft.EntityFrameworkCore.Migrations.MigrationBuilder)&#39;
C:\Users\Burak\Desktop\new\Working\GenerateInheritedDocs.proj(28,3): warning GID0004: No comments found for member &#39;M:ourWinch.Migrations.Page.Down(Microsoft.EntityFrameworkCore.Migrations.MigrationBuilder)&#39;
C:\Users\Burak\Desktop\new\Working\GenerateInheritedDocs.proj(28,3): warning GID0004: No comments found for member &#39;M:ourWinch.Migrations.Page.BuildTargetModel(Microsoft.EntityFrameworkCore.ModelBuilder)&#39;
C:\Users\Burak\Desktop\new\Working\GenerateInheritedDocs.proj(28,3): warning GID0004: No comments found for member &#39;M:ourWinch.Migrations.Dashboard.Up(Microsoft.EntityFrameworkCore.Migrations.MigrationBuilder)&#39;
C:\Users\Burak\Desktop\new\Working\GenerateInheritedDocs.proj(28,3): warning GID0004: No comments found for member &#39;M:ourWinch.Migrations.Dashboard.Down(Microsoft.EntityFrameworkCore.Migrations.MigrationBuilder)&#39;
C:\Users\Burak\Desktop\new\Working\GenerateInheritedDocs.proj(28,3): warning GID0004: No comments found for member &#39;M:ourWinch.Migrations.Dashboard.BuildTargetModel(Microsoft.EntityFrameworkCore.ModelBuilder)&#39;
C:\Users\Burak\Desktop\new\Working\GenerateInheritedDocs.proj(28,3): warning GID0004: No comments found for member &#39;M:ourWinch.Migrations.AddidentityTables.Up(Microsoft.EntityFrameworkCore.Migrations.MigrationBuilder)&#39;
C:\Users\Burak\Desktop\new\Working\GenerateInheritedDocs.proj(28,3): warning GID0004: No comments found for member &#39;M:ourWinch.Migrations.AddidentityTables.Down(Microsoft.EntityFrameworkCore.Migrations.MigrationBuilder)&#39;
C:\Users\Burak\Desktop\new\Working\GenerateInheritedDocs.proj(28,3): warning GID0004: No comments found for member &#39;M:ourWinch.Migrations.AddidentityTables.BuildTargetModel(Microsoft.EntityFrameworkCore.ModelBuilder)&#39;
C:\Users\Burak\Desktop\new\Working\GenerateInheritedDocs.proj(28,3): warning GID0004: No comments found for member &#39;M:ourWinch.Migrations.AddColumnsToidentityTables.Up(Microsoft.EntityFrameworkCore.Migrations.MigrationBuilder)&#39;
C:\Users\Burak\Desktop\new\Working\GenerateInheritedDocs.proj(28,3): warning GID0004: No comments found for member &#39;M:ourWinch.Migrations.AddColumnsToidentityTables.Down(Microsoft.EntityFrameworkCore.Migrations.MigrationBuilder)&#39;
C:\Users\Burak\Desktop\new\Working\GenerateInheritedDocs.proj(28,3): warning GID0004: No comments found for member &#39;M:ourWinch.Migrations.AddColumnsToidentityTables.BuildTargetModel(Microsoft.EntityFrameworkCore.ModelBuilder)&#39;
C:\Users\Burak\Desktop\new\Working\GenerateInheritedDocs.proj(28,3): warning GID0004: No comments found for member &#39;M:ourWinch.Migrations.AddPasswordToidentityTables.Up(Microsoft.EntityFrameworkCore.Migrations.MigrationBuilder)&#39;
C:\Users\Burak\Desktop\new\Working\GenerateInheritedDocs.proj(28,3): warning GID0004: No comments found for member &#39;M:ourWinch.Migrations.AddPasswordToidentityTables.Down(Microsoft.EntityFrameworkCore.Migrations.MigrationBuilder)&#39;
C:\Users\Burak\Desktop\new\Working\GenerateInheritedDocs.proj(28,3): warning GID0004: No comments found for member &#39;M:ourWinch.Migrations.AddPasswordToidentityTables.BuildTargetModel(Microsoft.EntityFrameworkCore.ModelBuilder)&#39;
C:\Users\Burak\Desktop\new\Working\GenerateInheritedDocs.proj(28,3): warning GID0004: No comments found for member &#39;M:ourWinch.Migrations.ServiceSkjema.Up(Microsoft.EntityFrameworkCore.Migrations.MigrationBuilder)&#39;
C:\Users\Burak\Desktop\new\Working\GenerateInheritedDocs.proj(28,3): warning GID0004: No comments found for member &#39;M:ourWinch.Migrations.ServiceSkjema.Down(Microsoft.EntityFrameworkCore.Migrations.MigrationBuilder)&#39;
C:\Users\Burak\Desktop\new\Working\GenerateInheritedDocs.proj(28,3): warning GID0004: No comments found for member &#39;M:ourWinch.Migrations.ServiceSkjema.BuildTargetModel(Microsoft.EntityFrameworkCore.ModelBuilder)&#39;
C:\Users\Burak\Desktop\new\Working\GenerateInheritedDocs.proj(28,3): warning GID0004: No comments found for member &#39;M:ourWinch.Migrations.ServiceForm.Up(Microsoft.EntityFrameworkCore.Migrations.MigrationBuilder)&#39;
C:\Users\Burak\Desktop\new\Working\GenerateInheritedDocs.proj(28,3): warning GID0004: No comments found for member &#39;M:ourWinch.Migrations.ServiceForm.Down(Microsoft.EntityFrameworkCore.Migrations.MigrationBuilder)&#39;
C:\Users\Burak\Desktop\new\Working\GenerateInheritedDocs.proj(28,3): warning GID0004: No comments found for member &#39;M:ourWinch.Migrations.ServiceForm.BuildTargetModel(Microsoft.EntityFrameworkCore.ModelBuilder)&#39;
C:\Users\Burak\Desktop\new\Working\GenerateInheritedDocs.proj(28,3): warning GID0004: No comments found for member &#39;M:ourWinch.Migrations.ServiceDinamic.Up(Microsoft.EntityFrameworkCore.Migrations.MigrationBuilder)&#39;
C:\Users\Burak\Desktop\new\Working\GenerateInheritedDocs.proj(28,3): warning GID0004: No comments found for member &#39;M:ourWinch.Migrations.ServiceDinamic.Down(Microsoft.EntityFrameworkCore.Migrations.MigrationBuilder)&#39;
C:\Users\Burak\Desktop\new\Working\GenerateInheritedDocs.proj(28,3): warning GID0004: No comments found for member &#39;M:ourWinch.Migrations.ServiceDinamic.BuildTargetModel(Microsoft.EntityFrameworkCore.ModelBuilder)&#39;
C:\Users\Burak\Desktop\new\Working\GenerateInheritedDocs.proj(28,3): warning GID0004: No comments found for member &#39;M:ourWinch.Migrations.Fulf›rt.Up(Microsoft.EntityFrameworkCore.Migrations.MigrationBuilder)&#39;
C:\Users\Burak\Desktop\new\Working\GenerateInheritedDocs.proj(28,3): warning GID0004: No comments found for member &#39;M:ourWinch.Migrations.Fulf›rt.Down(Microsoft.EntityFrameworkCore.Migrations.MigrationBuilder)&#39;
C:\Users\Burak\Desktop\new\Working\GenerateInheritedDocs.proj(28,3): warning GID0004: No comments found for member &#39;M:ourWinch.Migrations.Fulf›rt.BuildTargetModel(Microsoft.EntityFrameworkCore.ModelBuilder)&#39;
C:\Users\Burak\Desktop\new\Working\GenerateInheritedDocs.proj(28,3): warning GID0004: No comments found for member &#39;M:ourWinch.Migrations.InitialCreate.BuildTargetModel(Microsoft.EntityFrameworkCore.ModelBuilder)&#39;
C:\Users\Burak\Desktop\new\Working\GenerateInheritedDocs.proj(28,3): warning GID0004: No comments found for member &#39;M:ourWinch.Migrations.RequiredOut.Up(Microsoft.EntityFrameworkCore.Migrations.MigrationBuilder)&#39;
C:\Users\Burak\Desktop\new\Working\GenerateInheritedDocs.proj(28,3): warning GID0004: No comments found for member &#39;M:ourWinch.Migrations.RequiredOut.Down(Microsoft.EntityFrameworkCore.Migrations.MigrationBuilder)&#39;
C:\Users\Burak\Desktop\new\Working\GenerateInheritedDocs.proj(28,3): warning GID0004: No comments found for member &#39;M:ourWinch.Migrations.RequiredOut.BuildTargetModel(Microsoft.EntityFrameworkCore.ModelBuilder)&#39;
C:\Users\Burak\Desktop\new\Working\GenerateInheritedDocs.proj(28,3): warning GID0004: No comments found for member &#39;M:ourWinch.Migrations.CompletedModel.Up(Microsoft.EntityFrameworkCore.Migrations.MigrationBuilder)&#39;
C:\Users\Burak\Desktop\new\Working\GenerateInheritedDocs.proj(28,3): warning GID0004: No comments found for member &#39;M:ourWinch.Migrations.CompletedModel.Down(Microsoft.EntityFrameworkCore.Migrations.MigrationBuilder)&#39;
C:\Users\Burak\Desktop\new\Working\GenerateInheritedDocs.proj(28,3): warning GID0004: No comments found for member &#39;M:ourWinch.Migrations.CompletedModel.BuildTargetModel(Microsoft.EntityFrameworkCore.ModelBuilder)&#39;
    Last step completed in 00:00:00.5431
</buildStep>
<buildStep step="CopyAdditionalContent">
Copying additional content files...
No additional content to copy
    Last step completed in 00:00:00.0000
</buildStep>
<buildStep step="MergeTablesOfContents">
Merging conceptual and additional tables of contents...
    Last step completed in 00:00:00.0000
</buildStep>
<buildStep step="GenerateIntermediateTableOfContents">
Generating intermediate table of contents file for API content...
Generating conceptual content intermediate TOC file...
    Last step completed in 00:00:00.0614
</buildStep>
<buildStep step="CreateBuildAssemblerConfigs">
Creating Sandcastle configuration files...
    Last step completed in 00:00:00.1329
</buildStep>
<buildStep step="CombiningIntermediateTocFiles">
Combining conceptual and API intermediate TOC files...
    Last step completed in 00:00:00.0010
</buildStep>
<buildStep step="MergeCustomConfigs">
Merging custom build component configurations
C:\Users\Burak\Desktop\new\Working\BuildAssembler.config
  Updating reference topic configurations.
  No conceptual content.  Removing conceptual content components.
    Last step completed in 00:00:00.0225
</buildStep>
<buildStep step="BuildTopics">
Building help topics...
Loading configuration...
ResolveReferenceLinksComponent: The member ID URL cache &#39;C:\Users\Burak\AppData\Local\EWSoftware\Sandcastle Help File Builder\Cache\MemberIdUrl.cache&#39; does not exist yet.  All IDs will be looked up in this build which will slow it down.
Processing topics...
SHFB: Warning BE0066: ShowMissingComponent: [N:] Missing &lt;summary&gt; documentation
SHFB: Warning BE0066: ResolveReferenceLinksComponent: [T:AccountController] Member ID URL resolver service failed.  No further look ups will be performed for this build.
Reason: The remote server returned an error: (403) Forbidden.
SHFB: Warning BE0066: ResolveReferenceLinksComponent: [M:AccountController.#ctor(Microsoft.AspNetCore.Identity.UserManager{ourWinch.Models.Account.ApplicationUser},Microsoft.AspNetCore.Identity.SignInManager{ourWinch.Models.Account.ApplicationUser},Microsoft.AspNetCore.Identity.RoleManager{Microsoft.AspNetCore.Identity.IdentityRole},AspNetCoreHero.ToastNotification.Abstractions.INotyfService)] Unknown reference link target &#39;T:AspNetCoreHero.ToastNotification.Abstractions.INotyfService&#39;.
SHFB: Warning BE0066: ShowMissingComponent: [M:AccountController.ForgotPasswordConfirmation] Missing &lt;returns&gt; documentation
SHFB: Warning BE0066: ShowMissingComponent: [M:AccountController.Login] Missing &lt;returns&gt; documentation
SHFB: Warning BE0066: ShowMissingComponent: [N:ourWinch] Missing &lt;summary&gt; documentation
SHFB: Warning BE0066: ShowMissingComponent: [N:ourWinch.Controllers] Missing &lt;summary&gt; documentation
SHFB: Warning BE0066: ShowMissingComponent: [N:ourWinch.Controllers.Account] Missing &lt;summary&gt; documentation
SHFB: Warning BE0066: ResolveReferenceLinksComponent: [M:ourWinch.Controllers.Account.RolesController.#ctor(AppDbContext,Microsoft.AspNetCore.Identity.UserManager{ourWinch.Models.Account.ApplicationUser},Microsoft.AspNetCore.Identity.RoleManager{Microsoft.AspNetCore.Identity.IdentityRole},AspNetCoreHero.ToastNotification.Abstractions.INotyfService)] Unknown reference link target &#39;T:AspNetCoreHero.ToastNotification.Abstractions.INotyfService&#39;.
SHFB: Warning BE0066: ResolveReferenceLinksComponent: [M:ourWinch.Controllers.Account.UserController.#ctor(AppDbContext,Microsoft.AspNetCore.Identity.UserManager{ourWinch.Models.Account.ApplicationUser},AspNetCoreHero.ToastNotification.Abstractions.INotyfService)] Unknown reference link target &#39;T:AspNetCoreHero.ToastNotification.Abstractions.INotyfService&#39;.
SHFB: Warning BE0066: ShowMissingComponent: [N:ourWinch.Controllers.Checklist] Missing &lt;summary&gt; documentation
SHFB: Warning BE0066: ResolveReferenceLinksComponent: [M:ourWinch.Controllers.Checklist.ElectroController.#ctor(AppDbContext,ourWinch.Services.ServiceSkjemaService,AspNetCoreHero.ToastNotification.Abstractions.INotyfService)] Unknown reference link target &#39;T:AspNetCoreHero.ToastNotification.Abstractions.INotyfService&#39;.
SHFB: Warning BE0066: ShowMissingComponent: [T:ourWinch.Controllers.Checklist.FunksjonsTestController] Missing &lt;summary&gt; documentation
SHFB: Warning BE0066: ResolveReferenceLinksComponent: [M:ourWinch.Controllers.Checklist.FunksjonsTestController.#ctor(AppDbContext,ourWinch.Services.ServiceSkjemaService,AspNetCoreHero.ToastNotification.Abstractions.INotyfService)] Unknown reference link target &#39;T:AspNetCoreHero.ToastNotification.Abstractions.INotyfService&#39;.
SHFB: Warning BE0066: ShowMissingComponent: [T:ourWinch.Controllers.Checklist.HydroliskController] Missing &lt;summary&gt; documentation
SHFB: Warning BE0066: ResolveReferenceLinksComponent: [M:ourWinch.Controllers.Checklist.HydroliskController.#ctor(AppDbContext,ourWinch.Services.ServiceSkjemaService,AspNetCoreHero.ToastNotification.Abstractions.INotyfService)] Unknown reference link target &#39;T:AspNetCoreHero.ToastNotification.Abstractions.INotyfService&#39;.
SHFB: Warning BE0066: ResolveReferenceLinksComponent: [M:ourWinch.Controllers.Checklist.MechanicalController.#ctor(AppDbContext,ourWinch.Services.ServiceSkjemaService,AspNetCoreHero.ToastNotification.Abstractions.INotyfService)] Unknown reference link target &#39;T:AspNetCoreHero.ToastNotification.Abstractions.INotyfService&#39;.
SHFB: Warning BE0066: ShowMissingComponent: [T:ourWinch.Controllers.Checklist.ServiceSkjemaController] Missing &lt;summary&gt; documentation
SHFB: Warning BE0066: ResolveReferenceLinksComponent: [M:ourWinch.Controllers.Checklist.TrykkController.#ctor(AppDbContext,ourWinch.Services.ServiceSkjemaService,Microsoft.Extensions.Logging.ILogger{ourWinch.Controllers.Checklist.TrykkController},AspNetCoreHero.ToastNotification.Abstractions.INotyfService)] Unknown reference link target &#39;T:AspNetCoreHero.ToastNotification.Abstractions.INotyfService&#39;.
SHFB: Warning BE0066: ShowMissingComponent: [N:ourWinch.Migrations] Missing &lt;summary&gt; documentation
SHFB: Warning BE0066: ShowMissingComponent: [M:ourWinch.Migrations.AddColumnsToidentityTables.BuildTargetModel(Microsoft.EntityFrameworkCore.ModelBuilder)] Missing &lt;summary&gt; documentation
SHFB: Warning BE0066: ShowMissingComponent: [M:ourWinch.Migrations.AddColumnsToidentityTables.BuildTargetModel(Microsoft.EntityFrameworkCore.ModelBuilder)] Missing &lt;param name=&quot;modelBuilder&quot;/&gt; documentation
SHFB: Warning BE0066: ShowMissingComponent: [M:ourWinch.Migrations.AddColumnsToidentityTables.Down(Microsoft.EntityFrameworkCore.Migrations.MigrationBuilder)] Missing &lt;summary&gt; documentation
SHFB: Warning BE0066: ShowMissingComponent: [M:ourWinch.Migrations.AddColumnsToidentityTables.Down(Microsoft.EntityFrameworkCore.Migrations.MigrationBuilder)] Missing &lt;param name=&quot;migrationBuilder&quot;/&gt; documentation
SHFB: Warning BE0066: ShowMissingComponent: [M:ourWinch.Migrations.AddColumnsToidentityTables.Up(Microsoft.EntityFrameworkCore.Migrations.MigrationBuilder)] Missing &lt;summary&gt; documentation
SHFB: Warning BE0066: ShowMissingComponent: [M:ourWinch.Migrations.AddColumnsToidentityTables.Up(Microsoft.EntityFrameworkCore.Migrations.MigrationBuilder)] Missing &lt;param name=&quot;migrationBuilder&quot;/&gt; documentation
SHFB: Warning BE0066: ShowMissingComponent: [M:ourWinch.Migrations.AddidentityTables.BuildTargetModel(Microsoft.EntityFrameworkCore.ModelBuilder)] Missing &lt;summary&gt; documentation
SHFB: Warning BE0066: ShowMissingComponent: [M:ourWinch.Migrations.AddidentityTables.BuildTargetModel(Microsoft.EntityFrameworkCore.ModelBuilder)] Missing &lt;param name=&quot;modelBuilder&quot;/&gt; documentation
SHFB: Warning BE0066: ShowMissingComponent: [M:ourWinch.Migrations.AddidentityTables.Down(Microsoft.EntityFrameworkCore.Migrations.MigrationBuilder)] Missing &lt;summary&gt; documentation
SHFB: Warning BE0066: ShowMissingComponent: [M:ourWinch.Migrations.AddidentityTables.Down(Microsoft.EntityFrameworkCore.Migrations.MigrationBuilder)] Missing &lt;param name=&quot;migrationBuilder&quot;/&gt; documentation
SHFB: Warning BE0066: ShowMissingComponent: [M:ourWinch.Migrations.AddidentityTables.Up(Microsoft.EntityFrameworkCore.Migrations.MigrationBuilder)] Missing &lt;summary&gt; documentation
SHFB: Warning BE0066: ShowMissingComponent: [M:ourWinch.Migrations.AddidentityTables.Up(Microsoft.EntityFrameworkCore.Migrations.MigrationBuilder)] Missing &lt;param name=&quot;migrationBuilder&quot;/&gt; documentation
SHFB: Warning BE0066: ShowMissingComponent: [M:ourWinch.Migrations.AddPasswordToidentityTables.BuildTargetModel(Microsoft.EntityFrameworkCore.ModelBuilder)] Missing &lt;summary&gt; documentation
SHFB: Warning BE0066: ShowMissingComponent: [M:ourWinch.Migrations.AddPasswordToidentityTables.BuildTargetModel(Microsoft.EntityFrameworkCore.ModelBuilder)] Missing &lt;param name=&quot;modelBuilder&quot;/&gt; documentation
SHFB: Warning BE0066: ShowMissingComponent: [M:ourWinch.Migrations.AddPasswordToidentityTables.Down(Microsoft.EntityFrameworkCore.Migrations.MigrationBuilder)] Missing &lt;summary&gt; documentation
SHFB: Warning BE0066: ShowMissingComponent: [M:ourWinch.Migrations.AddPasswordToidentityTables.Down(Microsoft.EntityFrameworkCore.Migrations.MigrationBuilder)] Missing &lt;param name=&quot;migrationBuilder&quot;/&gt; documentation
SHFB: Warning BE0066: ShowMissingComponent: [M:ourWinch.Migrations.AddPasswordToidentityTables.Up(Microsoft.EntityFrameworkCore.Migrations.MigrationBuilder)] Missing &lt;summary&gt; documentation
SHFB: Warning BE0066: ShowMissingComponent: [M:ourWinch.Migrations.AddPasswordToidentityTables.Up(Microsoft.EntityFrameworkCore.Migrations.MigrationBuilder)] Missing &lt;param name=&quot;migrationBuilder&quot;/&gt; documentation
SHFB: Warning BE0066: ShowMissingComponent: [M:ourWinch.Migrations.CompletedModel.BuildTargetModel(Microsoft.EntityFrameworkCore.ModelBuilder)] Missing &lt;summary&gt; documentation
SHFB: Warning BE0066: ShowMissingComponent: [M:ourWinch.Migrations.CompletedModel.BuildTargetModel(Microsoft.EntityFrameworkCore.ModelBuilder)] Missing &lt;param name=&quot;modelBuilder&quot;/&gt; documentation
SHFB: Warning BE0066: ShowMissingComponent: [M:ourWinch.Migrations.CompletedModel.Down(Microsoft.EntityFrameworkCore.Migrations.MigrationBuilder)] Missing &lt;summary&gt; documentation
SHFB: Warning BE0066: ShowMissingComponent: [M:ourWinch.Migrations.CompletedModel.Down(Microsoft.EntityFrameworkCore.Migrations.MigrationBuilder)] Missing &lt;param name=&quot;migrationBuilder&quot;/&gt; documentation
SHFB: Warning BE0066: ShowMissingComponent: [M:ourWinch.Migrations.CompletedModel.Up(Microsoft.EntityFrameworkCore.Migrations.MigrationBuilder)] Missing &lt;summary&gt; documentation
SHFB: Warning BE0066: ShowMissingComponent: [M:ourWinch.Migrations.CompletedModel.Up(Microsoft.EntityFrameworkCore.Migrations.MigrationBuilder)] Missing &lt;param name=&quot;migrationBuilder&quot;/&gt; documentation
SHFB: Warning BE0066: ShowMissingComponent: [M:ourWinch.Migrations.Dashboard.BuildTargetModel(Microsoft.EntityFrameworkCore.ModelBuilder)] Missing &lt;summary&gt; documentation
SHFB: Warning BE0066: ShowMissingComponent: [M:ourWinch.Migrations.Dashboard.BuildTargetModel(Microsoft.EntityFrameworkCore.ModelBuilder)] Missing &lt;param name=&quot;modelBuilder&quot;/&gt; documentation
SHFB: Warning BE0066: ShowMissingComponent: [M:ourWinch.Migrations.Dashboard.Down(Microsoft.EntityFrameworkCore.Migrations.MigrationBuilder)] Missing &lt;summary&gt; documentation
SHFB: Warning BE0066: ShowMissingComponent: [M:ourWinch.Migrations.Dashboard.Down(Microsoft.EntityFrameworkCore.Migrations.MigrationBuilder)] Missing &lt;param name=&quot;migrationBuilder&quot;/&gt; documentation
SHFB: Warning BE0066: ShowMissingComponent: [M:ourWinch.Migrations.Dashboard.Up(Microsoft.EntityFrameworkCore.Migrations.MigrationBuilder)] Missing &lt;summary&gt; documentation
SHFB: Warning BE0066: ShowMissingComponent: [M:ourWinch.Migrations.Dashboard.Up(Microsoft.EntityFrameworkCore.Migrations.MigrationBuilder)] Missing &lt;param name=&quot;migrationBuilder&quot;/&gt; documentation
SHFB: Warning BE0066: ShowMissingComponent: [M:ourWinch.Migrations.Fulf&#248;rt.BuildTargetModel(Microsoft.EntityFrameworkCore.ModelBuilder)] Missing &lt;summary&gt; documentation
SHFB: Warning BE0066: ShowMissingComponent: [M:ourWinch.Migrations.Fulf&#248;rt.BuildTargetModel(Microsoft.EntityFrameworkCore.ModelBuilder)] Missing &lt;param name=&quot;modelBuilder&quot;/&gt; documentation
SHFB: Warning BE0066: ShowMissingComponent: [M:ourWinch.Migrations.Fulf&#248;rt.Down(Microsoft.EntityFrameworkCore.Migrations.MigrationBuilder)] Missing &lt;summary&gt; documentation
SHFB: Warning BE0066: ShowMissingComponent: [M:ourWinch.Migrations.Fulf&#248;rt.Down(Microsoft.EntityFrameworkCore.Migrations.MigrationBuilder)] Missing &lt;param name=&quot;migrationBuilder&quot;/&gt; documentation
SHFB: Warning BE0066: ShowMissingComponent: [M:ourWinch.Migrations.Fulf&#248;rt.Up(Microsoft.EntityFrameworkCore.Migrations.MigrationBuilder)] Missing &lt;summary&gt; documentation
SHFB: Warning BE0066: ShowMissingComponent: [M:ourWinch.Migrations.Fulf&#248;rt.Up(Microsoft.EntityFrameworkCore.Migrations.MigrationBuilder)] Missing &lt;param name=&quot;migrationBuilder&quot;/&gt; documentation
SHFB: Warning BE0066: ShowMissingComponent: [T:ourWinch.Migrations.InitialCreate] Missing &lt;summary&gt; documentation
SHFB: Warning BE0066: ShowMissingComponent: [M:ourWinch.Migrations.InitialCreate.BuildTargetModel(Microsoft.EntityFrameworkCore.ModelBuilder)] Missing &lt;summary&gt; documentation
SHFB: Warning BE0066: ShowMissingComponent: [M:ourWinch.Migrations.InitialCreate.BuildTargetModel(Microsoft.EntityFrameworkCore.ModelBuilder)] Missing &lt;param name=&quot;modelBuilder&quot;/&gt; documentation
SHFB: Warning BE0066: ShowMissingComponent: [M:ourWinch.Migrations.InitialCreate.Down(Microsoft.EntityFrameworkCore.Migrations.MigrationBuilder)] Missing &lt;summary&gt; documentation
SHFB: Warning BE0066: ShowMissingComponent: [M:ourWinch.Migrations.InitialCreate.Down(Microsoft.EntityFrameworkCore.Migrations.MigrationBuilder)] Missing &lt;param name=&quot;migrationBuilder&quot;/&gt; documentation
SHFB: Warning BE0066: ShowMissingComponent: [M:ourWinch.Migrations.InitialCreate.Up(Microsoft.EntityFrameworkCore.Migrations.MigrationBuilder)] Missing &lt;summary&gt; documentation
SHFB: Warning BE0066: ShowMissingComponent: [M:ourWinch.Migrations.InitialCreate.Up(Microsoft.EntityFrameworkCore.Migrations.MigrationBuilder)] Missing &lt;param name=&quot;migrationBuilder&quot;/&gt; documentation
SHFB: Warning BE0066: ShowMissingComponent: [M:ourWinch.Migrations.Null.BuildTargetModel(Microsoft.EntityFrameworkCore.ModelBuilder)] Missing &lt;summary&gt; documentation
SHFB: Warning BE0066: ShowMissingComponent: [M:ourWinch.Migrations.Null.BuildTargetModel(Microsoft.EntityFrameworkCore.ModelBuilder)] Missing &lt;param name=&quot;modelBuilder&quot;/&gt; documentation
SHFB: Warning BE0066: ShowMissingComponent: [M:ourWinch.Migrations.Null.Down(Microsoft.EntityFrameworkCore.Migrations.MigrationBuilder)] Missing &lt;summary&gt; documentation
SHFB: Warning BE0066: ShowMissingComponent: [M:ourWinch.Migrations.Null.Down(Microsoft.EntityFrameworkCore.Migrations.MigrationBuilder)] Missing &lt;param name=&quot;migrationBuilder&quot;/&gt; documentation
SHFB: Warning BE0066: ShowMissingComponent: [M:ourWinch.Migrations.Null.Up(Microsoft.EntityFrameworkCore.Migrations.MigrationBuilder)] Missing &lt;summary&gt; documentation
SHFB: Warning BE0066: ShowMissingComponent: [M:ourWinch.Migrations.Null.Up(Microsoft.EntityFrameworkCore.Migrations.MigrationBuilder)] Missing &lt;param name=&quot;migrationBuilder&quot;/&gt; documentation
SHFB: Warning BE0066: ShowMissingComponent: [M:ourWinch.Migrations.Page.BuildTargetModel(Microsoft.EntityFrameworkCore.ModelBuilder)] Missing &lt;summary&gt; documentation
SHFB: Warning BE0066: ShowMissingComponent: [M:ourWinch.Migrations.Page.BuildTargetModel(Microsoft.EntityFrameworkCore.ModelBuilder)] Missing &lt;param name=&quot;modelBuilder&quot;/&gt; documentation
SHFB: Warning BE0066: ShowMissingComponent: [M:ourWinch.Migrations.Page.Down(Microsoft.EntityFrameworkCore.Migrations.MigrationBuilder)] Missing &lt;summary&gt; documentation
SHFB: Warning BE0066: ShowMissingComponent: [M:ourWinch.Migrations.Page.Down(Microsoft.EntityFrameworkCore.Migrations.MigrationBuilder)] Missing &lt;param name=&quot;migrationBuilder&quot;/&gt; documentation
SHFB: Warning BE0066: ShowMissingComponent: [M:ourWinch.Migrations.Page.Up(Microsoft.EntityFrameworkCore.Migrations.MigrationBuilder)] Missing &lt;summary&gt; documentation
SHFB: Warning BE0066: ShowMissingComponent: [M:ourWinch.Migrations.Page.Up(Microsoft.EntityFrameworkCore.Migrations.MigrationBuilder)] Missing &lt;param name=&quot;migrationBuilder&quot;/&gt; documentation
SHFB: Warning BE0066: ShowMissingComponent: [M:ourWinch.Migrations.RequiredOut.BuildTargetModel(Microsoft.EntityFrameworkCore.ModelBuilder)] Missing &lt;summary&gt; documentation
SHFB: Warning BE0066: ShowMissingComponent: [M:ourWinch.Migrations.RequiredOut.BuildTargetModel(Microsoft.EntityFrameworkCore.ModelBuilder)] Missing &lt;param name=&quot;modelBuilder&quot;/&gt; documentation
SHFB: Warning BE0066: ShowMissingComponent: [M:ourWinch.Migrations.RequiredOut.Down(Microsoft.EntityFrameworkCore.Migrations.MigrationBuilder)] Missing &lt;summary&gt; documentation
SHFB: Warning BE0066: ShowMissingComponent: [M:ourWinch.Migrations.RequiredOut.Down(Microsoft.EntityFrameworkCore.Migrations.MigrationBuilder)] Missing &lt;param name=&quot;migrationBuilder&quot;/&gt; documentation
SHFB: Warning BE0066: ShowMissingComponent: [M:ourWinch.Migrations.RequiredOut.Up(Microsoft.EntityFrameworkCore.Migrations.MigrationBuilder)] Missing &lt;summary&gt; documentation
SHFB: Warning BE0066: ShowMissingComponent: [M:ourWinch.Migrations.RequiredOut.Up(Microsoft.EntityFrameworkCore.Migrations.MigrationBuilder)] Missing &lt;param name=&quot;migrationBuilder&quot;/&gt; documentation
SHFB: Warning BE0066: ShowMissingComponent: [M:ourWinch.Migrations.ServiceDinamic.BuildTargetModel(Microsoft.EntityFrameworkCore.ModelBuilder)] Missing &lt;summary&gt; documentation
SHFB: Warning BE0066: ShowMissingComponent: [M:ourWinch.Migrations.ServiceDinamic.BuildTargetModel(Microsoft.EntityFrameworkCore.ModelBuilder)] Missing &lt;param name=&quot;modelBuilder&quot;/&gt; documentation
SHFB: Warning BE0066: ShowMissingComponent: [M:ourWinch.Migrations.ServiceDinamic.Down(Microsoft.EntityFrameworkCore.Migrations.MigrationBuilder)] Missing &lt;summary&gt; documentation
SHFB: Warning BE0066: ShowMissingComponent: [M:ourWinch.Migrations.ServiceDinamic.Down(Microsoft.EntityFrameworkCore.Migrations.MigrationBuilder)] Missing &lt;param name=&quot;migrationBuilder&quot;/&gt; documentation
SHFB: Warning BE0066: ShowMissingComponent: [M:ourWinch.Migrations.ServiceDinamic.Up(Microsoft.EntityFrameworkCore.Migrations.MigrationBuilder)] Missing &lt;summary&gt; documentation
SHFB: Warning BE0066: ShowMissingComponent: [M:ourWinch.Migrations.ServiceDinamic.Up(Microsoft.EntityFrameworkCore.Migrations.MigrationBuilder)] Missing &lt;param name=&quot;migrationBuilder&quot;/&gt; documentation
SHFB: Warning BE0066: ShowMissingComponent: [M:ourWinch.Migrations.ServiceForm.BuildTargetModel(Microsoft.EntityFrameworkCore.ModelBuilder)] Missing &lt;summary&gt; documentation
SHFB: Warning BE0066: ShowMissingComponent: [M:ourWinch.Migrations.ServiceForm.BuildTargetModel(Microsoft.EntityFrameworkCore.ModelBuilder)] Missing &lt;param name=&quot;modelBuilder&quot;/&gt; documentation
SHFB: Warning BE0066: ShowMissingComponent: [M:ourWinch.Migrations.ServiceForm.Down(Microsoft.EntityFrameworkCore.Migrations.MigrationBuilder)] Missing &lt;summary&gt; documentation
SHFB: Warning BE0066: ShowMissingComponent: [M:ourWinch.Migrations.ServiceForm.Down(Microsoft.EntityFrameworkCore.Migrations.MigrationBuilder)] Missing &lt;param name=&quot;migrationBuilder&quot;/&gt; documentation
SHFB: Warning BE0066: ShowMissingComponent: [M:ourWinch.Migrations.ServiceForm.Up(Microsoft.EntityFrameworkCore.Migrations.MigrationBuilder)] Missing &lt;summary&gt; documentation
SHFB: Warning BE0066: ShowMissingComponent: [M:ourWinch.Migrations.ServiceForm.Up(Microsoft.EntityFrameworkCore.Migrations.MigrationBuilder)] Missing &lt;param name=&quot;migrationBuilder&quot;/&gt; documentation
SHFB: Warning BE0066: ShowMissingComponent: [M:ourWinch.Migrations.ServiceSkjema.BuildTargetModel(Microsoft.EntityFrameworkCore.ModelBuilder)] Missing &lt;summary&gt; documentation
SHFB: Warning BE0066: ShowMissingComponent: [M:ourWinch.Migrations.ServiceSkjema.BuildTargetModel(Microsoft.EntityFrameworkCore.ModelBuilder)] Missing &lt;param name=&quot;modelBuilder&quot;/&gt; documentation
SHFB: Warning BE0066: ShowMissingComponent: [M:ourWinch.Migrations.ServiceSkjema.Down(Microsoft.EntityFrameworkCore.Migrations.MigrationBuilder)] Missing &lt;summary&gt; documentation
SHFB: Warning BE0066: ShowMissingComponent: [M:ourWinch.Migrations.ServiceSkjema.Down(Microsoft.EntityFrameworkCore.Migrations.MigrationBuilder)] Missing &lt;param name=&quot;migrationBuilder&quot;/&gt; documentation
SHFB: Warning BE0066: ShowMissingComponent: [M:ourWinch.Migrations.ServiceSkjema.Up(Microsoft.EntityFrameworkCore.Migrations.MigrationBuilder)] Missing &lt;summary&gt; documentation
SHFB: Warning BE0066: ShowMissingComponent: [M:ourWinch.Migrations.ServiceSkjema.Up(Microsoft.EntityFrameworkCore.Migrations.MigrationBuilder)] Missing &lt;param name=&quot;migrationBuilder&quot;/&gt; documentation
SHFB: Warning BE0066: ShowMissingComponent: [N:ourWinch.Models] Missing &lt;summary&gt; documentation
SHFB: Warning BE0066: ShowMissingComponent: [N:ourWinch.Models.Account] Missing &lt;summary&gt; documentation
SHFB: Warning BE0066: ShowMissingComponent: [N:ourWinch.Models.Dashboard] Missing &lt;summary&gt; documentation
SHFB: Warning BE0066: ShowMissingComponent: [N:ourWinch.Services] Missing &lt;summary&gt; documentation
Processed 557 topic(s)
103 warning(s)
CopyFromIndexComponent: &quot;reflection&quot; in-memory cache entries used: 9 of 15.
CopyFromIndexComponent: &quot;comments&quot; in-memory cache entries used: 6 of 30.
    Last step completed in 00:00:08.3813
</buildStep>
<buildStep step="ExtractingHtmlInfo">
Extracting HTML info for HTML Help 1 and/or website...
Using LCID &#39;1033&#39;, code page &#39;65001&#39;, encoding charset &#39;UTF-8&#39;.
Processing website files in C:\Users\Burak\Desktop\new\Working\Output\Website
Processed 557 HTML files.  Sorting keywords and generating See Also indices.
Saving website table of contents to C:\Users\Burak\Desktop\new\Working\\WebTOC.xml
    Last step completed in 00:00:00.0355
</buildStep>
<buildStep step="CopyStandardHelpContent">
Copying standard help content...
C:\Program Files (x86)\EWSoftware\Sandcastle Help File Builder\Components\VS2013\icons\AlertCaution.png -&gt; C:\Users\Burak\Desktop\new\Working\Output\Website\icons\AlertCaution.png
C:\Program Files (x86)\EWSoftware\Sandcastle Help File Builder\Components\VS2013\icons\AlertNote.png -&gt; C:\Users\Burak\Desktop\new\Working\Output\Website\icons\AlertNote.png
C:\Program Files (x86)\EWSoftware\Sandcastle Help File Builder\Components\VS2013\icons\AlertSecurity.png -&gt; C:\Users\Burak\Desktop\new\Working\Output\Website\icons\AlertSecurity.png
C:\Program Files (x86)\EWSoftware\Sandcastle Help File Builder\Components\VS2013\icons\CodeExample.png -&gt; C:\Users\Burak\Desktop\new\Working\Output\Website\icons\CodeExample.png
C:\Program Files (x86)\EWSoftware\Sandcastle Help File Builder\Components\VS2013\icons\favicon.ico -&gt; C:\Users\Burak\Desktop\new\Working\Output\Website\icons\favicon.ico
C:\Program Files (x86)\EWSoftware\Sandcastle Help File Builder\Components\VS2013\icons\privClass.gif -&gt; C:\Users\Burak\Desktop\new\Working\Output\Website\icons\privClass.gif
C:\Program Files (x86)\EWSoftware\Sandcastle Help File Builder\Components\VS2013\icons\privDelegate.gif -&gt; C:\Users\Burak\Desktop\new\Working\Output\Website\icons\privDelegate.gif
C:\Program Files (x86)\EWSoftware\Sandcastle Help File Builder\Components\VS2013\icons\privEnumeration.gif -&gt; C:\Users\Burak\Desktop\new\Working\Output\Website\icons\privEnumeration.gif
C:\Program Files (x86)\EWSoftware\Sandcastle Help File Builder\Components\VS2013\icons\privEvent.gif -&gt; C:\Users\Burak\Desktop\new\Working\Output\Website\icons\privEvent.gif
C:\Program Files (x86)\EWSoftware\Sandcastle Help File Builder\Components\VS2013\icons\privExtension.gif -&gt; C:\Users\Burak\Desktop\new\Working\Output\Website\icons\privExtension.gif
C:\Program Files (x86)\EWSoftware\Sandcastle Help File Builder\Components\VS2013\icons\privField.gif -&gt; C:\Users\Burak\Desktop\new\Working\Output\Website\icons\privField.gif
C:\Program Files (x86)\EWSoftware\Sandcastle Help File Builder\Components\VS2013\icons\privInterface.gif -&gt; C:\Users\Burak\Desktop\new\Working\Output\Website\icons\privInterface.gif
C:\Program Files (x86)\EWSoftware\Sandcastle Help File Builder\Components\VS2013\icons\privMethod.gif -&gt; C:\Users\Burak\Desktop\new\Working\Output\Website\icons\privMethod.gif
C:\Program Files (x86)\EWSoftware\Sandcastle Help File Builder\Components\VS2013\icons\privProperty.gif -&gt; C:\Users\Burak\Desktop\new\Working\Output\Website\icons\privProperty.gif
C:\Program Files (x86)\EWSoftware\Sandcastle Help File Builder\Components\VS2013\icons\privStructure.gif -&gt; C:\Users\Burak\Desktop\new\Working\Output\Website\icons\privStructure.gif
C:\Program Files (x86)\EWSoftware\Sandcastle Help File Builder\Components\VS2013\icons\protClass.gif -&gt; C:\Users\Burak\Desktop\new\Working\Output\Website\icons\protClass.gif
C:\Program Files (x86)\EWSoftware\Sandcastle Help File Builder\Components\VS2013\icons\protDelegate.gif -&gt; C:\Users\Burak\Desktop\new\Working\Output\Website\icons\protDelegate.gif
C:\Program Files (x86)\EWSoftware\Sandcastle Help File Builder\Components\VS2013\icons\protEnumeration.gif -&gt; C:\Users\Burak\Desktop\new\Working\Output\Website\icons\protEnumeration.gif
C:\Program Files (x86)\EWSoftware\Sandcastle Help File Builder\Components\VS2013\icons\protEvent.gif -&gt; C:\Users\Burak\Desktop\new\Working\Output\Website\icons\protEvent.gif
C:\Program Files (x86)\EWSoftware\Sandcastle Help File Builder\Components\VS2013\icons\protExtension.gif -&gt; C:\Users\Burak\Desktop\new\Working\Output\Website\icons\protExtension.gif
C:\Program Files (x86)\EWSoftware\Sandcastle Help File Builder\Components\VS2013\icons\protField.gif -&gt; C:\Users\Burak\Desktop\new\Working\Output\Website\icons\protField.gif
C:\Program Files (x86)\EWSoftware\Sandcastle Help File Builder\Components\VS2013\icons\protInterface.gif -&gt; C:\Users\Burak\Desktop\new\Working\Output\Website\icons\protInterface.gif
C:\Program Files (x86)\EWSoftware\Sandcastle Help File Builder\Components\VS2013\icons\protMethod.gif -&gt; C:\Users\Burak\Desktop\new\Working\Output\Website\icons\protMethod.gif
C:\Program Files (x86)\EWSoftware\Sandcastle Help File Builder\Components\VS2013\icons\protOperator.gif -&gt; C:\Users\Burak\Desktop\new\Working\Output\Website\icons\protOperator.gif
C:\Program Files (x86)\EWSoftware\Sandcastle Help File Builder\Components\VS2013\icons\protProperty.gif -&gt; C:\Users\Burak\Desktop\new\Working\Output\Website\icons\protProperty.gif
C:\Program Files (x86)\EWSoftware\Sandcastle Help File Builder\Components\VS2013\icons\protStructure.gif -&gt; C:\Users\Burak\Desktop\new\Working\Output\Website\icons\protStructure.gif
C:\Program Files (x86)\EWSoftware\Sandcastle Help File Builder\Components\VS2013\icons\pubClass.gif -&gt; C:\Users\Burak\Desktop\new\Working\Output\Website\icons\pubClass.gif
C:\Program Files (x86)\EWSoftware\Sandcastle Help File Builder\Components\VS2013\icons\pubDelegate.gif -&gt; C:\Users\Burak\Desktop\new\Working\Output\Website\icons\pubDelegate.gif
C:\Program Files (x86)\EWSoftware\Sandcastle Help File Builder\Components\VS2013\icons\pubEnumeration.gif -&gt; C:\Users\Burak\Desktop\new\Working\Output\Website\icons\pubEnumeration.gif
C:\Program Files (x86)\EWSoftware\Sandcastle Help File Builder\Components\VS2013\icons\pubEvent.gif -&gt; C:\Users\Burak\Desktop\new\Working\Output\Website\icons\pubEvent.gif
C:\Program Files (x86)\EWSoftware\Sandcastle Help File Builder\Components\VS2013\icons\pubExtension.gif -&gt; C:\Users\Burak\Desktop\new\Working\Output\Website\icons\pubExtension.gif
C:\Program Files (x86)\EWSoftware\Sandcastle Help File Builder\Components\VS2013\icons\pubField.gif -&gt; C:\Users\Burak\Desktop\new\Working\Output\Website\icons\pubField.gif
C:\Program Files (x86)\EWSoftware\Sandcastle Help File Builder\Components\VS2013\icons\pubInterface.gif -&gt; C:\Users\Burak\Desktop\new\Working\Output\Website\icons\pubInterface.gif
C:\Program Files (x86)\EWSoftware\Sandcastle Help File Builder\Components\VS2013\icons\pubMethod.gif -&gt; C:\Users\Burak\Desktop\new\Working\Output\Website\icons\pubMethod.gif
C:\Program Files (x86)\EWSoftware\Sandcastle Help File Builder\Components\VS2013\icons\pubOperator.gif -&gt; C:\Users\Burak\Desktop\new\Working\Output\Website\icons\pubOperator.gif
C:\Program Files (x86)\EWSoftware\Sandcastle Help File Builder\Components\VS2013\icons\pubProperty.gif -&gt; C:\Users\Burak\Desktop\new\Working\Output\Website\icons\pubProperty.gif
C:\Program Files (x86)\EWSoftware\Sandcastle Help File Builder\Components\VS2013\icons\pubStructure.gif -&gt; C:\Users\Burak\Desktop\new\Working\Output\Website\icons\pubStructure.gif
C:\Program Files (x86)\EWSoftware\Sandcastle Help File Builder\Components\VS2013\icons\SectionCollapsed.png -&gt; C:\Users\Burak\Desktop\new\Working\Output\Website\icons\SectionCollapsed.png
C:\Program Files (x86)\EWSoftware\Sandcastle Help File Builder\Components\VS2013\icons\SectionExpanded.png -&gt; C:\Users\Burak\Desktop\new\Working\Output\Website\icons\SectionExpanded.png
C:\Program Files (x86)\EWSoftware\Sandcastle Help File Builder\Components\VS2013\icons\Static.gif -&gt; C:\Users\Burak\Desktop\new\Working\Output\Website\icons\Static.gif
C:\Program Files (x86)\EWSoftware\Sandcastle Help File Builder\Components\VS2013\scripts\branding.js -&gt; C:\Users\Burak\Desktop\new\Working\Output\Website\scripts\branding.js
C:\Program Files (x86)\EWSoftware\Sandcastle Help File Builder\Components\VS2013\styles\branding-cs-CZ.css -&gt; C:\Users\Burak\Desktop\new\Working\Output\Website\styles\branding-cs-CZ.css
C:\Program Files (x86)\EWSoftware\Sandcastle Help File Builder\Components\VS2013\styles\branding-de-DE.css -&gt; C:\Users\Burak\Desktop\new\Working\Output\Website\styles\branding-de-DE.css
C:\Program Files (x86)\EWSoftware\Sandcastle Help File Builder\Components\VS2013\styles\branding-en-US.css -&gt; C:\Users\Burak\Desktop\new\Working\Output\Website\styles\branding-en-US.css
C:\Program Files (x86)\EWSoftware\Sandcastle Help File Builder\Components\VS2013\styles\branding-es-ES.css -&gt; C:\Users\Burak\Desktop\new\Working\Output\Website\styles\branding-es-ES.css
C:\Program Files (x86)\EWSoftware\Sandcastle Help File Builder\Components\VS2013\styles\branding-fr-FR.css -&gt; C:\Users\Burak\Desktop\new\Working\Output\Website\styles\branding-fr-FR.css
C:\Program Files (x86)\EWSoftware\Sandcastle Help File Builder\Components\VS2013\styles\branding-Help1.css -&gt; C:\Users\Burak\Desktop\new\Working\Output\Website\styles\branding-Help1.css
C:\Program Files (x86)\EWSoftware\Sandcastle Help File Builder\Components\VS2013\styles\branding-HelpViewer.css -&gt; C:\Users\Burak\Desktop\new\Working\Output\Website\styles\branding-HelpViewer.css
C:\Program Files (x86)\EWSoftware\Sandcastle Help File Builder\Components\VS2013\styles\branding-it-IT.css -&gt; C:\Users\Burak\Desktop\new\Working\Output\Website\styles\branding-it-IT.css
C:\Program Files (x86)\EWSoftware\Sandcastle Help File Builder\Components\VS2013\styles\branding-ja-JP.css -&gt; C:\Users\Burak\Desktop\new\Working\Output\Website\styles\branding-ja-JP.css
C:\Program Files (x86)\EWSoftware\Sandcastle Help File Builder\Components\VS2013\styles\branding-ko-KR.css -&gt; C:\Users\Burak\Desktop\new\Working\Output\Website\styles\branding-ko-KR.css
C:\Program Files (x86)\EWSoftware\Sandcastle Help File Builder\Components\VS2013\styles\branding-pl-PL.css -&gt; C:\Users\Burak\Desktop\new\Working\Output\Website\styles\branding-pl-PL.css
C:\Program Files (x86)\EWSoftware\Sandcastle Help File Builder\Components\VS2013\styles\branding-pt-BR.css -&gt; C:\Users\Burak\Desktop\new\Working\Output\Website\styles\branding-pt-BR.css
C:\Program Files (x86)\EWSoftware\Sandcastle Help File Builder\Components\VS2013\styles\branding-ru-RU.css -&gt; C:\Users\Burak\Desktop\new\Working\Output\Website\styles\branding-ru-RU.css
C:\Program Files (x86)\EWSoftware\Sandcastle Help File Builder\Components\VS2013\styles\branding-tr-TR.css -&gt; C:\Users\Burak\Desktop\new\Working\Output\Website\styles\branding-tr-TR.css
C:\Program Files (x86)\EWSoftware\Sandcastle Help File Builder\Components\VS2013\styles\branding-Website.css -&gt; C:\Users\Burak\Desktop\new\Working\Output\Website\styles\branding-Website.css
C:\Program Files (x86)\EWSoftware\Sandcastle Help File Builder\Components\VS2013\styles\branding-zh-CN.css -&gt; C:\Users\Burak\Desktop\new\Working\Output\Website\styles\branding-zh-CN.css
C:\Program Files (x86)\EWSoftware\Sandcastle Help File Builder\Components\VS2013\styles\branding-zh-TW.css -&gt; C:\Users\Burak\Desktop\new\Working\Output\Website\styles\branding-zh-TW.css
C:\Program Files (x86)\EWSoftware\Sandcastle Help File Builder\Components\VS2013\styles\branding.css -&gt; C:\Users\Burak\Desktop\new\Working\Output\Website\styles\branding.css
C:\Program Files (x86)\EWSoftware\Sandcastle Help File Builder\Components\VS2013\Web\index.html -&gt; C:\Users\Burak\Desktop\new\Working\Output\Website\index.html
C:\Program Files (x86)\EWSoftware\Sandcastle Help File Builder\Components\VS2013\Web\search.html -&gt; C:\Users\Burak\Desktop\new\Working\Output\Website\search.html
C:\Program Files (x86)\EWSoftware\Sandcastle Help File Builder\Components\VS2013\Web\SearchHelp.aspx -&gt; C:\Users\Burak\Desktop\new\Working\Output\Website\SearchHelp.aspx
C:\Program Files (x86)\EWSoftware\Sandcastle Help File Builder\Components\VS2013\Web\SearchHelp.inc.php -&gt; C:\Users\Burak\Desktop\new\Working\Output\Website\SearchHelp.inc.php
C:\Program Files (x86)\EWSoftware\Sandcastle Help File Builder\Components\VS2013\Web\SearchHelp.php -&gt; C:\Users\Burak\Desktop\new\Working\Output\Website\SearchHelp.php
C:\Program Files (x86)\EWSoftware\Sandcastle Help File Builder\Components\VS2013\Web\Web.Config -&gt; C:\Users\Burak\Desktop\new\Working\Output\Website\Web.Config
C:\Program Files (x86)\EWSoftware\Sandcastle Help File Builder\Components\VS2013\Web\html\GeneralError.htm -&gt; C:\Users\Burak\Desktop\new\Working\Output\Website\html\GeneralError.htm
C:\Program Files (x86)\EWSoftware\Sandcastle Help File Builder\Components\VS2013\Web\html\PageNotFound.htm -&gt; C:\Users\Burak\Desktop\new\Working\Output\Website\html\PageNotFound.htm
C:\Program Files (x86)\EWSoftware\Sandcastle Help File Builder\Components\VS2013\Web\icons\Search.png -&gt; C:\Users\Burak\Desktop\new\Working\Output\Website\icons\Search.png
C:\Program Files (x86)\EWSoftware\Sandcastle Help File Builder\Components\VS2013\Web\icons\TocClose.gif -&gt; C:\Users\Burak\Desktop\new\Working\Output\Website\icons\TocClose.gif
C:\Program Files (x86)\EWSoftware\Sandcastle Help File Builder\Components\VS2013\Web\icons\TocCollapsed.gif -&gt; C:\Users\Burak\Desktop\new\Working\Output\Website\icons\TocCollapsed.gif
C:\Program Files (x86)\EWSoftware\Sandcastle Help File Builder\Components\VS2013\Web\icons\TocExpanded.gif -&gt; C:\Users\Burak\Desktop\new\Working\Output\Website\icons\TocExpanded.gif
C:\Program Files (x86)\EWSoftware\Sandcastle Help File Builder\Components\VS2013\Web\icons\TocOpen.gif -&gt; C:\Users\Burak\Desktop\new\Working\Output\Website\icons\TocOpen.gif
C:\Program Files (x86)\EWSoftware\Sandcastle Help File Builder\Components\VS2013\Web\scripts\branding-Website.js -&gt; C:\Users\Burak\Desktop\new\Working\Output\Website\scripts\branding-Website.js
C:\Program Files (x86)\EWSoftware\Sandcastle Help File Builder\Components\VS2013\Web\scripts\clipboard.min.js -&gt; C:\Users\Burak\Desktop\new\Working\Output\Website\scripts\clipboard.min.js
C:\Program Files (x86)\EWSoftware\Sandcastle Help File Builder\Components\VS2013\Web\scripts\jquery-3.5.1.min.js -&gt; C:\Users\Burak\Desktop\new\Working\Output\Website\scripts\jquery-3.5.1.min.js
    Last step completed in 00:00:00.0420
</buildStep>
<buildStep step="GenerateFullTextIndex">
Generating full-text index for the website...

<plugIn name="Lightweight Website Style" behavior="After" priority="1000">
Adding lightweight search and TOC elements to each topic...
</plugIn>    Last step completed in 00:00:00.4339
</buildStep>
<buildStep step="CopyingWebsiteFiles">
Copying website files to output folder...

Copied 500 files
Copied 801 files for the website content
    Last step completed in 00:00:00.4584
</buildStep>
<buildStep step="CleanIntermediates">
Removing intermediate files...
    Last step completed in 00:00:00.0806
</buildStep>
<buildStep step="Completed">

Build completed successfully at 24/11/2023 22:28:13.  Total time: 00:00:13.1928

</buildStep>
</shfbBuild>
